# JRE version: OpenJDK Runtime Environment (8.0_111-b14) (build 1.8.0_111-8u111-b14-3~14.04.1-b14)
# Java VM: OpenJDK 64-Bit Server VM (25.111-b14 mixed mode linux-amd64 compressed oops)
Heap:
 PSYoungGen      total 151552K, used 0K [0x00000000f5900000, 0x00000000ffd80000, 0x0000000100000000)
  eden space 137728K, 0% used [0x00000000f5900000,0x00000000f5900000,0x00000000fdf80000)
  from space 13824K, 0% used [0x00000000ff000000,0x00000000ff000000,0x00000000ffd80000)
  to   space 15360K, 0% used [0x00000000fdf80000,0x00000000fdf80000,0x00000000fee80000)
 ParOldGen       total 145408K, used 135825K [0x00000000e0a00000, 0x00000000e9800000, 0x00000000f5900000)
  object space 145408K, 93% used [0x00000000e0a00000,0x00000000e8ea44f8,0x00000000e9800000)
 Metaspace       used 80434K, capacity 81622K, committed 82024K, reserved 1120256K
  class space    used 10021K, capacity 10288K, committed 10368K, reserved 1048576K
GC Heap History (10 events):
Event: 454.353 GC heap after
Heap after GC invocations=79 (full 5):
 PSYoungGen      total 147968K, used 2176K [0x00000000f5900000, 0x00000000ffd80000, 0x0000000100000000)
  eden space 130560K, 0% used [0x00000000f5900000,0x00000000f5900000,0x00000000fd880000)
  from space 17408K, 12% used [0x00000000fec80000,0x00000000feea0000,0x00000000ffd80000)
  to   space 18944K, 0% used [0x00000000fd880000,0x00000000fd880000,0x00000000feb00000)
 ParOldGen       total 145408K, used 132598K [0x00000000e0a00000, 0x00000000e9800000, 0x00000000f5900000)
  object space 145408K, 91% used [0x00000000e0a00000,0x00000000e8b7dbc8,0x00000000e9800000)
 Metaspace       used 80535K, capacity 81824K, committed 82024K, reserved 1120256K
  class space    used 10042K, capacity 10327K, committed 10368K, reserved 1048576K
}
Event: 454.793 GC heap before
{Heap before GC invocations=80 (full 5):
 PSYoungGen      total 147968K, used 132736K [0x00000000f5900000, 0x00000000ffd80000, 0x0000000100000000)
  eden space 130560K, 100% used [0x00000000f5900000,0x00000000fd880000,0x00000000fd880000)
  from space 17408K, 12% used [0x00000000fec80000,0x00000000feea0000,0x00000000ffd80000)
  to   space 18944K, 0% used [0x00000000fd880000,0x00000000fd880000,0x00000000feb00000)
 ParOldGen       total 145408K, used 132598K [0x00000000e0a00000, 0x00000000e9800000, 0x00000000f5900000)
  object space 145408K, 91% used [0x00000000e0a00000,0x00000000e8b7dbc8,0x00000000e9800000)
 Metaspace       used 80535K, capacity 81824K, committed 82024K, reserved 1120256K
  class space    used 10042K, capacity 10327K, committed 10368K, reserved 1048576K
Event: 454.809 GC heap after
Heap after GC invocations=80 (full 5):
 PSYoungGen      total 149504K, used 2208K [0x00000000f5900000, 0x00000000fff80000, 0x0000000100000000)
  eden space 130560K, 0% used [0x00000000f5900000,0x00000000f5900000,0x00000000fd880000)
  from space 18944K, 11% used [0x00000000fd880000,0x00000000fdaa8000,0x00000000feb00000)
  to   space 17920K, 0% used [0x00000000fee00000,0x00000000fee00000,0x00000000fff80000)
 ParOldGen       total 145408K, used 134710K [0x00000000e0a00000, 0x00000000e9800000, 0x00000000f5900000)
  object space 145408K, 92% used [0x00000000e0a00000,0x00000000e8d8dbf8,0x00000000e9800000)
 Metaspace       used 80535K, capacity 81824K, committed 82024K, reserved 1120256K
  class space    used 10042K, capacity 10327K, committed 10368K, reserved 1048576K
}
Event: 455.247 GC heap before
{Heap before GC invocations=81 (full 5):
 PSYoungGen      total 149504K, used 132768K [0x00000000f5900000, 0x00000000fff80000, 0x0000000100000000)
  eden space 130560K, 100% used [0x00000000f5900000,0x00000000fd880000,0x00000000fd880000)
  from space 18944K, 11% used [0x00000000fd880000,0x00000000fdaa8000,0x00000000feb00000)
  to   space 17920K, 0% used [0x00000000fee00000,0x00000000fee00000,0x00000000fff80000)
 ParOldGen       total 145408K, used 134710K [0x00000000e0a00000, 0x00000000e9800000, 0x00000000f5900000)
  object space 145408K, 92% used [0x00000000e0a00000,0x00000000e8d8dbf8,0x00000000e9800000)
 Metaspace       used 80535K, capacity 81824K, committed 82024K, reserved 1120256K
  class space    used 10042K, capacity 10327K, committed 10368K, reserved 1048576K
Event: 455.260 GC heap after
Heap after GC invocations=81 (full 5):
 PSYoungGen      total 149504K, used 2208K [0x00000000f5900000, 0x00000000ffd00000, 0x0000000100000000)
  eden space 134144K, 0% used [0x00000000f5900000,0x00000000f5900000,0x00000000fdc00000)
  from space 15360K, 14% used [0x00000000fee00000,0x00000000ff028000,0x00000000ffd00000)
  to   space 16896K, 0% used [0x00000000fdc00000,0x00000000fdc00000,0x00000000fec80000)
 ParOldGen       total 145408K, used 136878K [0x00000000e0a00000, 0x00000000e9800000, 0x00000000f5900000)
  object space 145408K, 94% used [0x00000000e0a00000,0x00000000e8fabbf8,0x00000000e9800000)
 Metaspace       used 80535K, capacity 81824K, committed 82024K, reserved 1120256K
  class space    used 10042K, capacity 10327K, committed 10368K, reserved 1048576K
}
Event: 455.600 GC heap before
{Heap before GC invocations=82 (full 5):
 PSYoungGen      total 149504K, used 136352K [0x00000000f5900000, 0x00000000ffd00000, 0x0000000100000000)
  eden space 134144K, 100% used [0x00000000f5900000,0x00000000fdc00000,0x00000000fdc00000)
  from space 15360K, 14% used [0x00000000fee00000,0x00000000ff028000,0x00000000ffd00000)
  to   space 16896K, 0% used [0x00000000fdc00000,0x00000000fdc00000,0x00000000fec80000)
 ParOldGen       total 145408K, used 136878K [0x00000000e0a00000, 0x00000000e9800000, 0x00000000f5900000)
  object space 145408K, 94% used [0x00000000e0a00000,0x00000000e8fabbf8,0x00000000e9800000)
 Metaspace       used 80535K, capacity 81824K, committed 82024K, reserved 1120256K
  class space    used 10042K, capacity 10327K, committed 10368K, reserved 1048576K
Event: 455.622 GC heap after
Heap after GC invocations=82 (full 5):
 PSYoungGen      total 151040K, used 2272K [0x00000000f5900000, 0x0000000100000000, 0x0000000100000000)
  eden space 134144K, 0% used [0x00000000f5900000,0x00000000f5900000,0x00000000fdc00000)
  from space 16896K, 13% used [0x00000000fdc00000,0x00000000fde38000,0x00000000fec80000)
  to   space 16384K, 0% used [0x00000000ff000000,0x00000000ff000000,0x0000000100000000)
 ParOldGen       total 145408K, used 139062K [0x00000000e0a00000, 0x00000000e9800000, 0x00000000f5900000)
  object space 145408K, 95% used [0x00000000e0a00000,0x00000000e91cdbf8,0x00000000e9800000)
 Metaspace       used 80535K, capacity 81824K, committed 82024K, reserved 1120256K
  class space    used 10042K, capacity 10327K, committed 10368K, reserved 1048576K
}
Event: 455.981 GC heap before
{Heap before GC invocations=83 (full 5):
 PSYoungGen      total 151040K, used 136416K [0x00000000f5900000, 0x0000000100000000, 0x0000000100000000)
  eden space 134144K, 100% used [0x00000000f5900000,0x00000000fdc00000,0x00000000fdc00000)
  from space 16896K, 13% used [0x00000000fdc00000,0x00000000fde38000,0x00000000fec80000)
  to   space 16384K, 0% used [0x00000000ff000000,0x00000000ff000000,0x0000000100000000)
 ParOldGen       total 145408K, used 139062K [0x00000000e0a00000, 0x00000000e9800000, 0x00000000f5900000)
  object space 145408K, 95% used [0x00000000e0a00000,0x00000000e91cdbf8,0x00000000e9800000)
 Metaspace       used 80535K, capacity 81824K, committed 82024K, reserved 1120256K
  class space    used 10042K, capacity 10327K, committed 10368K, reserved 1048576K
Event: 455.994 GC heap after
Heap after GC invocations=83 (full 5):
 PSYoungGen      total 151552K, used 2272K [0x00000000f5900000, 0x00000000ffd80000, 0x0000000100000000)
  eden space 137728K, 0% used [0x00000000f5900000,0x00000000f5900000,0x00000000fdf80000)
  from space 13824K, 16% used [0x00000000ff000000,0x00000000ff238000,0x00000000ffd80000)
  to   space 15360K, 0% used [0x00000000fdf80000,0x00000000fdf80000,0x00000000fee80000)
 ParOldGen       total 145408K, used 141286K [0x00000000e0a00000, 0x00000000e9800000, 0x00000000f5900000)
  object space 145408K, 97% used [0x00000000e0a00000,0x00000000e93f9bf8,0x00000000e9800000)
 Metaspace       used 80535K, capacity 81824K, committed 82024K, reserved 1120256K
  class space    used 10042K, capacity 10327K, committed 10368K, reserved 1048576K
}
Event: 455.994 GC heap before
{Heap before GC invocations=84 (full 6):
 PSYoungGen      total 151552K, used 2272K [0x00000000f5900000, 0x00000000ffd80000, 0x0000000100000000)
  eden space 137728K, 0% used [0x00000000f5900000,0x00000000f5900000,0x00000000fdf80000)
  from space 13824K, 16% used [0x00000000ff000000,0x00000000ff238000,0x00000000ffd80000)
  to   space 15360K, 0% used [0x00000000fdf80000,0x00000000fdf80000,0x00000000fee80000)
 ParOldGen       total 145408K, used 141286K [0x00000000e0a00000, 0x00000000e9800000, 0x00000000f5900000)
  object space 145408K, 97% used [0x00000000e0a00000,0x00000000e93f9bf8,0x00000000e9800000)
 Metaspace       used 80535K, capacity 81824K, committed 82024K, reserved 1120256K
  class space    used 10042K, capacity 10327K, committed 10368K, reserved 1048576K

